Simulator report for ALU
Tue Nov 25 06:52:35 2025
Quartus II 64-Bit Version 13.0.1 Build 232 06/12/2013 Service Pack 1 SJ Web Edition


---------------------
; Table of Contents ;
---------------------
  1. Legal Notice
  2. Simulator Summary
  3. Simulator Settings
  4. Simulation Waveforms
  5. Coverage Summary
  6. Complete 1/0-Value Coverage
  7. Missing 1-Value Coverage
  8. Missing 0-Value Coverage
  9. Simulator INI Usage
 10. Simulator Messages



----------------
; Legal Notice ;
----------------
Copyright (C) 1991-2013 Altera Corporation
Your use of Altera Corporation's design tools, logic functions 
and other software and tools, and its AMPP partner logic 
functions, and any output files from any of the foregoing 
(including device programming or simulation files), and any 
associated documentation or information are expressly subject 
to the terms and conditions of the Altera Program License 
Subscription Agreement, Altera MegaCore Function License 
Agreement, or other applicable license agreement, including, 
without limitation, that your use is for the sole purpose of 
programming logic devices manufactured by Altera and sold by 
Altera or its authorized distributors.  Please refer to the 
applicable agreement for further details.



+--------------------------------------------+
; Simulator Summary                          ;
+-----------------------------+--------------+
; Type                        ; Value        ;
+-----------------------------+--------------+
; Simulation Start Time       ; 0 ps         ;
; Simulation End Time         ; 1.0 us       ;
; Simulation Netlist Size     ; 441 nodes    ;
; Simulation Coverage         ;      17.16 % ;
; Total Number of Transitions ; 293          ;
; Simulation Breakpoints      ; 0            ;
; Family                      ; Cyclone II   ;
+-----------------------------+--------------+


+--------------------------------------------------------------------------------------------------------------------------------------------------------------------------------------+
; Simulator Settings                                                                                                                                                                   ;
+--------------------------------------------------------------------------------------------+-------------------------------------------------------------------------+---------------+
; Option                                                                                     ; Setting                                                                 ; Default Value ;
+--------------------------------------------------------------------------------------------+-------------------------------------------------------------------------+---------------+
; Simulation mode                                                                            ; Functional                                                              ; Timing        ;
; Start time                                                                                 ; 0 ns                                                                    ; 0 ns          ;
; Simulation results format                                                                  ; VWF                                                                     ;               ;
; Vector input source                                                                        ; C:/Users/adf/Desktop/COE_328_Quartus/lab6/part4_alucore/aluwaveform.vwf ;               ;
; Add pins automatically to simulation output waveforms                                      ; On                                                                      ; On            ;
; Check outputs                                                                              ; Off                                                                     ; Off           ;
; Report simulation coverage                                                                 ; On                                                                      ; On            ;
; Display complete 1/0 value coverage report                                                 ; On                                                                      ; On            ;
; Display missing 1-value coverage report                                                    ; On                                                                      ; On            ;
; Display missing 0-value coverage report                                                    ; On                                                                      ; On            ;
; Detect setup and hold time violations                                                      ; Off                                                                     ; Off           ;
; Detect glitches                                                                            ; Off                                                                     ; Off           ;
; Disable timing delays in Timing Simulation                                                 ; Off                                                                     ; Off           ;
; Generate Signal Activity File                                                              ; Off                                                                     ; Off           ;
; Generate VCD File for PowerPlay Power Analyzer                                             ; Off                                                                     ; Off           ;
; Group bus channels in simulation results                                                   ; Off                                                                     ; Off           ;
; Preserve fewer signal transitions to reduce memory requirements                            ; On                                                                      ; On            ;
; Trigger vector comparison with the specified mode                                          ; INPUT_EDGE                                                              ; INPUT_EDGE    ;
; Disable setup and hold time violations detection in input registers of bi-directional pins ; Off                                                                     ; Off           ;
; Overwrite Waveform Inputs With Simulation Outputs                                          ; Off                                                                     ;               ;
; Perform Glitch Filtering in Timing Simulation                                              ; Auto                                                                    ; Auto          ;
+--------------------------------------------------------------------------------------------+-------------------------------------------------------------------------+---------------+


+----------------------+
; Simulation Waveforms ;
+----------------------+
Waveform report data cannot be output to ASCII.
Please use Quartus II 64-Bit to view the waveform report data.


+--------------------------------------------------------------------+
; Coverage Summary                                                   ;
+-----------------------------------------------------+--------------+
; Type                                                ; Value        ;
+-----------------------------------------------------+--------------+
; Total coverage as a percentage                      ;      17.16 % ;
; Total nodes checked                                 ; 441          ;
; Total output ports checked                          ; 437          ;
; Total output ports with complete 1/0-value coverage ; 75           ;
; Total output ports with no 1/0-value coverage       ; 352          ;
; Total output ports with no 1-value coverage         ; 359          ;
; Total output ports with no 0-value coverage         ; 355          ;
+-----------------------------------------------------+--------------+


The following table displays output ports that toggle between 1 and 0 during simulation.
+----------------------------------------------------------+
; Complete 1/0-Value Coverage                              ;
+-------------------+-------------------+------------------+
; Node Name         ; Output Port Name  ; Output Port Type ;
+-------------------+-------------------+------------------+
; |ALU|Reg4[7]      ; |ALU|Reg4[7]      ; regout           ;
; |ALU|Reg4[6]      ; |ALU|Reg4[6]      ; regout           ;
; |ALU|Reg4[5]      ; |ALU|Reg4[5]      ; regout           ;
; |ALU|Reg4[4]      ; |ALU|Reg4[4]      ; regout           ;
; |ALU|Reg4[3]      ; |ALU|Reg4[3]      ; regout           ;
; |ALU|Reg4[2]      ; |ALU|Reg4[2]      ; regout           ;
; |ALU|Reg4[1]      ; |ALU|Reg4[1]      ; regout           ;
; |ALU|Reg4[0]      ; |ALU|Reg4[0]      ; regout           ;
; |ALU|Clock        ; |ALU|Clock        ; out              ;
; |ALU|OP[1]        ; |ALU|OP[1]        ; out              ;
; |ALU|OP[2]        ; |ALU|OP[2]        ; out              ;
; |ALU|OP[3]        ; |ALU|OP[3]        ; out              ;
; |ALU|OP[4]        ; |ALU|OP[4]        ; out              ;
; |ALU|OP[5]        ; |ALU|OP[5]        ; out              ;
; |ALU|OP[6]        ; |ALU|OP[6]        ; out              ;
; |ALU|OP[7]        ; |ALU|OP[7]        ; out              ;
; |ALU|OP[8]        ; |ALU|OP[8]        ; out              ;
; |ALU|R1[0]        ; |ALU|R1[0]        ; pin_out          ;
; |ALU|R1[1]        ; |ALU|R1[1]        ; pin_out          ;
; |ALU|R1[2]        ; |ALU|R1[2]        ; pin_out          ;
; |ALU|R1[3]        ; |ALU|R1[3]        ; pin_out          ;
; |ALU|R2[0]        ; |ALU|R2[0]        ; pin_out          ;
; |ALU|R2[1]        ; |ALU|R2[1]        ; pin_out          ;
; |ALU|R2[2]        ; |ALU|R2[2]        ; pin_out          ;
; |ALU|R2[3]        ; |ALU|R2[3]        ; pin_out          ;
; |ALU|Selector0~1  ; |ALU|Selector0~1  ; out0             ;
; |ALU|Selector0~3  ; |ALU|Selector0~3  ; out0             ;
; |ALU|Selector0~7  ; |ALU|Selector0~7  ; out0             ;
; |ALU|Selector0~8  ; |ALU|Selector0~8  ; out0             ;
; |ALU|Selector0~9  ; |ALU|Selector0~9  ; out0             ;
; |ALU|Selector1~1  ; |ALU|Selector1~1  ; out0             ;
; |ALU|Selector1~3  ; |ALU|Selector1~3  ; out0             ;
; |ALU|Selector1~5  ; |ALU|Selector1~5  ; out0             ;
; |ALU|Selector1~6  ; |ALU|Selector1~6  ; out0             ;
; |ALU|Selector2~1  ; |ALU|Selector2~1  ; out0             ;
; |ALU|Selector2~3  ; |ALU|Selector2~3  ; out0             ;
; |ALU|Selector2~7  ; |ALU|Selector2~7  ; out0             ;
; |ALU|Selector2~8  ; |ALU|Selector2~8  ; out0             ;
; |ALU|Selector2~9  ; |ALU|Selector2~9  ; out0             ;
; |ALU|Selector3~1  ; |ALU|Selector3~1  ; out0             ;
; |ALU|Selector3~4  ; |ALU|Selector3~4  ; out0             ;
; |ALU|Selector3~5  ; |ALU|Selector3~5  ; out0             ;
; |ALU|Selector3~8  ; |ALU|Selector3~8  ; out0             ;
; |ALU|Selector3~9  ; |ALU|Selector3~9  ; out0             ;
; |ALU|Selector4~1  ; |ALU|Selector4~1  ; out0             ;
; |ALU|Selector4~3  ; |ALU|Selector4~3  ; out0             ;
; |ALU|Selector4~7  ; |ALU|Selector4~7  ; out0             ;
; |ALU|Selector4~8  ; |ALU|Selector4~8  ; out0             ;
; |ALU|Selector4~9  ; |ALU|Selector4~9  ; out0             ;
; |ALU|Selector4~10 ; |ALU|Selector4~10 ; out0             ;
; |ALU|Selector5~1  ; |ALU|Selector5~1  ; out0             ;
; |ALU|Selector5~3  ; |ALU|Selector5~3  ; out0             ;
; |ALU|Selector5~7  ; |ALU|Selector5~7  ; out0             ;
; |ALU|Selector5~8  ; |ALU|Selector5~8  ; out0             ;
; |ALU|Selector5~9  ; |ALU|Selector5~9  ; out0             ;
; |ALU|Selector5~10 ; |ALU|Selector5~10 ; out0             ;
; |ALU|Selector6~1  ; |ALU|Selector6~1  ; out0             ;
; |ALU|Selector6~4  ; |ALU|Selector6~4  ; out0             ;
; |ALU|Selector6~5  ; |ALU|Selector6~5  ; out0             ;
; |ALU|Selector6~8  ; |ALU|Selector6~8  ; out0             ;
; |ALU|Selector6~10 ; |ALU|Selector6~10 ; out0             ;
; |ALU|Selector7~0  ; |ALU|Selector7~0  ; out0             ;
; |ALU|Selector7~3  ; |ALU|Selector7~3  ; out0             ;
; |ALU|Selector7~4  ; |ALU|Selector7~4  ; out0             ;
; |ALU|Selector7~7  ; |ALU|Selector7~7  ; out0             ;
; |ALU|Selector7~8  ; |ALU|Selector7~8  ; out0             ;
; |ALU|Selector7~9  ; |ALU|Selector7~9  ; out0             ;
; |ALU|Equal1~0     ; |ALU|Equal1~0     ; out0             ;
; |ALU|Equal2~0     ; |ALU|Equal2~0     ; out0             ;
; |ALU|Equal3~0     ; |ALU|Equal3~0     ; out0             ;
; |ALU|Equal4~0     ; |ALU|Equal4~0     ; out0             ;
; |ALU|Equal5~0     ; |ALU|Equal5~0     ; out0             ;
; |ALU|Equal6~0     ; |ALU|Equal6~0     ; out0             ;
; |ALU|Equal7~0     ; |ALU|Equal7~0     ; out0             ;
; |ALU|Equal8~0     ; |ALU|Equal8~0     ; out0             ;
+-------------------+-------------------+------------------+


The following table displays output ports that do not toggle to 1 during simulation.
+----------------------------------------------------------+
; Missing 1-Value Coverage                                 ;
+-------------------+-------------------+------------------+
; Node Name         ; Output Port Name  ; Output Port Type ;
+-------------------+-------------------+------------------+
; |ALU|Reg4~0       ; |ALU|Reg4~0       ; out              ;
; |ALU|Reg4~1       ; |ALU|Reg4~1       ; out              ;
; |ALU|Reg4~2       ; |ALU|Reg4~2       ; out              ;
; |ALU|Reg4~3       ; |ALU|Reg4~3       ; out              ;
; |ALU|Reg4~4       ; |ALU|Reg4~4       ; out              ;
; |ALU|Reg4~5       ; |ALU|Reg4~5       ; out              ;
; |ALU|Reg4~6       ; |ALU|Reg4~6       ; out              ;
; |ALU|Reg4~7       ; |ALU|Reg4~7       ; out              ;
; |ALU|Reg4~8       ; |ALU|Reg4~8       ; out              ;
; |ALU|Reg4~9       ; |ALU|Reg4~9       ; out              ;
; |ALU|Reg4~10      ; |ALU|Reg4~10      ; out              ;
; |ALU|Reg4~11      ; |ALU|Reg4~11      ; out              ;
; |ALU|Reg4~12      ; |ALU|Reg4~12      ; out              ;
; |ALU|Reg4~13      ; |ALU|Reg4~13      ; out              ;
; |ALU|Reg4~14      ; |ALU|Reg4~14      ; out              ;
; |ALU|Reg4~15      ; |ALU|Reg4~15      ; out              ;
; |ALU|Reg4~16      ; |ALU|Reg4~16      ; out              ;
; |ALU|Reg4~17      ; |ALU|Reg4~17      ; out              ;
; |ALU|Reg4~18      ; |ALU|Reg4~18      ; out              ;
; |ALU|Reg4~19      ; |ALU|Reg4~19      ; out              ;
; |ALU|Reg4~20      ; |ALU|Reg4~20      ; out              ;
; |ALU|Reg4~21      ; |ALU|Reg4~21      ; out              ;
; |ALU|Reg4~22      ; |ALU|Reg4~22      ; out              ;
; |ALU|Reg4~23      ; |ALU|Reg4~23      ; out              ;
; |ALU|RESULT~0     ; |ALU|RESULT~0     ; out0             ;
; |ALU|RESULT~1     ; |ALU|RESULT~1     ; out0             ;
; |ALU|RESULT~2     ; |ALU|RESULT~2     ; out0             ;
; |ALU|RESULT~3     ; |ALU|RESULT~3     ; out0             ;
; |ALU|RESULT~4     ; |ALU|RESULT~4     ; out0             ;
; |ALU|RESULT~5     ; |ALU|RESULT~5     ; out0             ;
; |ALU|RESULT~6     ; |ALU|RESULT~6     ; out0             ;
; |ALU|RESULT~7     ; |ALU|RESULT~7     ; out0             ;
; |ALU|RESULT~8     ; |ALU|RESULT~8     ; out0             ;
; |ALU|RESULT~9     ; |ALU|RESULT~9     ; out0             ;
; |ALU|RESULT~10    ; |ALU|RESULT~10    ; out0             ;
; |ALU|RESULT~11    ; |ALU|RESULT~11    ; out0             ;
; |ALU|RESULT~12    ; |ALU|RESULT~12    ; out0             ;
; |ALU|RESULT~13    ; |ALU|RESULT~13    ; out0             ;
; |ALU|RESULT~14    ; |ALU|RESULT~14    ; out0             ;
; |ALU|RESULT~15    ; |ALU|RESULT~15    ; out0             ;
; |ALU|RESULT~16    ; |ALU|RESULT~16    ; out0             ;
; |ALU|RESULT~17    ; |ALU|RESULT~17    ; out0             ;
; |ALU|RESULT~18    ; |ALU|RESULT~18    ; out0             ;
; |ALU|RESULT~19    ; |ALU|RESULT~19    ; out0             ;
; |ALU|RESULT~20    ; |ALU|RESULT~20    ; out0             ;
; |ALU|RESULT~21    ; |ALU|RESULT~21    ; out0             ;
; |ALU|RESULT~22    ; |ALU|RESULT~22    ; out0             ;
; |ALU|RESULT~23    ; |ALU|RESULT~23    ; out0             ;
; |ALU|RESULT~24    ; |ALU|RESULT~24    ; out0             ;
; |ALU|RESULT~25    ; |ALU|RESULT~25    ; out0             ;
; |ALU|RESULT~26    ; |ALU|RESULT~26    ; out0             ;
; |ALU|RESULT~27    ; |ALU|RESULT~27    ; out0             ;
; |ALU|RESULT~28    ; |ALU|RESULT~28    ; out0             ;
; |ALU|RESULT~29    ; |ALU|RESULT~29    ; out0             ;
; |ALU|RESULT~30    ; |ALU|RESULT~30    ; out0             ;
; |ALU|RESULT~31    ; |ALU|RESULT~31    ; out0             ;
; |ALU|RESULT~32    ; |ALU|RESULT~32    ; out0             ;
; |ALU|RESULT~33    ; |ALU|RESULT~33    ; out0             ;
; |ALU|RESULT~34    ; |ALU|RESULT~34    ; out0             ;
; |ALU|RESULT~35    ; |ALU|RESULT~35    ; out0             ;
; |ALU|RESULT~36    ; |ALU|RESULT~36    ; out0             ;
; |ALU|RESULT~37    ; |ALU|RESULT~37    ; out0             ;
; |ALU|RESULT~38    ; |ALU|RESULT~38    ; out0             ;
; |ALU|RESULT~39    ; |ALU|RESULT~39    ; out0             ;
; |ALU|RESULT~40    ; |ALU|RESULT~40    ; out0             ;
; |ALU|RESULT~41    ; |ALU|RESULT~41    ; out0             ;
; |ALU|RESULT~42    ; |ALU|RESULT~42    ; out0             ;
; |ALU|RESULT~43    ; |ALU|RESULT~43    ; out0             ;
; |ALU|RESULT~44    ; |ALU|RESULT~44    ; out0             ;
; |ALU|RESULT~45    ; |ALU|RESULT~45    ; out0             ;
; |ALU|RESULT~46    ; |ALU|RESULT~46    ; out0             ;
; |ALU|RESULT~47    ; |ALU|RESULT~47    ; out0             ;
; |ALU|WideNor0     ; |ALU|WideNor0     ; out0             ;
; |ALU|A[0]         ; |ALU|A[0]         ; out              ;
; |ALU|A[1]         ; |ALU|A[1]         ; out              ;
; |ALU|A[2]         ; |ALU|A[2]         ; out              ;
; |ALU|A[3]         ; |ALU|A[3]         ; out              ;
; |ALU|A[4]         ; |ALU|A[4]         ; out              ;
; |ALU|A[5]         ; |ALU|A[5]         ; out              ;
; |ALU|A[6]         ; |ALU|A[6]         ; out              ;
; |ALU|A[7]         ; |ALU|A[7]         ; out              ;
; |ALU|B[0]         ; |ALU|B[0]         ; out              ;
; |ALU|B[1]         ; |ALU|B[1]         ; out              ;
; |ALU|B[2]         ; |ALU|B[2]         ; out              ;
; |ALU|B[3]         ; |ALU|B[3]         ; out              ;
; |ALU|B[4]         ; |ALU|B[4]         ; out              ;
; |ALU|B[5]         ; |ALU|B[5]         ; out              ;
; |ALU|B[6]         ; |ALU|B[6]         ; out              ;
; |ALU|B[7]         ; |ALU|B[7]         ; out              ;
; |ALU|OP[0]        ; |ALU|OP[0]        ; out              ;
; |ALU|OP[10]       ; |ALU|OP[10]       ; out              ;
; |ALU|OP[11]       ; |ALU|OP[11]       ; out              ;
; |ALU|OP[12]       ; |ALU|OP[12]       ; out              ;
; |ALU|OP[13]       ; |ALU|OP[13]       ; out              ;
; |ALU|OP[14]       ; |ALU|OP[14]       ; out              ;
; |ALU|OP[15]       ; |ALU|OP[15]       ; out              ;
; |ALU|Selector0~2  ; |ALU|Selector0~2  ; out0             ;
; |ALU|Selector0~4  ; |ALU|Selector0~4  ; out0             ;
; |ALU|Selector0~5  ; |ALU|Selector0~5  ; out0             ;
; |ALU|Selector0~6  ; |ALU|Selector0~6  ; out0             ;
; |ALU|Selector0~10 ; |ALU|Selector0~10 ; out0             ;
; |ALU|Selector0~11 ; |ALU|Selector0~11 ; out0             ;
; |ALU|Selector1~2  ; |ALU|Selector1~2  ; out0             ;
; |ALU|Selector1~4  ; |ALU|Selector1~4  ; out0             ;
; |ALU|Selector1~7  ; |ALU|Selector1~7  ; out0             ;
; |ALU|Selector1~8  ; |ALU|Selector1~8  ; out0             ;
; |ALU|Selector1~9  ; |ALU|Selector1~9  ; out0             ;
; |ALU|Selector1~10 ; |ALU|Selector1~10 ; out0             ;
; |ALU|Selector1~11 ; |ALU|Selector1~11 ; out0             ;
; |ALU|Selector2~2  ; |ALU|Selector2~2  ; out0             ;
; |ALU|Selector2~4  ; |ALU|Selector2~4  ; out0             ;
; |ALU|Selector2~5  ; |ALU|Selector2~5  ; out0             ;
; |ALU|Selector2~6  ; |ALU|Selector2~6  ; out0             ;
; |ALU|Selector2~10 ; |ALU|Selector2~10 ; out0             ;
; |ALU|Selector2~11 ; |ALU|Selector2~11 ; out0             ;
; |ALU|Selector3~2  ; |ALU|Selector3~2  ; out0             ;
; |ALU|Selector3~3  ; |ALU|Selector3~3  ; out0             ;
; |ALU|Selector3~6  ; |ALU|Selector3~6  ; out0             ;
; |ALU|Selector3~7  ; |ALU|Selector3~7  ; out0             ;
; |ALU|Selector3~10 ; |ALU|Selector3~10 ; out0             ;
; |ALU|Selector3~11 ; |ALU|Selector3~11 ; out0             ;
; |ALU|Selector4~2  ; |ALU|Selector4~2  ; out0             ;
; |ALU|Selector4~4  ; |ALU|Selector4~4  ; out0             ;
; |ALU|Selector4~5  ; |ALU|Selector4~5  ; out0             ;
; |ALU|Selector4~6  ; |ALU|Selector4~6  ; out0             ;
; |ALU|Selector4~11 ; |ALU|Selector4~11 ; out0             ;
; |ALU|Selector5~2  ; |ALU|Selector5~2  ; out0             ;
; |ALU|Selector5~4  ; |ALU|Selector5~4  ; out0             ;
; |ALU|Selector5~5  ; |ALU|Selector5~5  ; out0             ;
; |ALU|Selector5~6  ; |ALU|Selector5~6  ; out0             ;
; |ALU|Selector5~11 ; |ALU|Selector5~11 ; out0             ;
; |ALU|Selector6~2  ; |ALU|Selector6~2  ; out0             ;
; |ALU|Selector6~3  ; |ALU|Selector6~3  ; out0             ;
; |ALU|Selector6~6  ; |ALU|Selector6~6  ; out0             ;
; |ALU|Selector6~7  ; |ALU|Selector6~7  ; out0             ;
; |ALU|Selector6~9  ; |ALU|Selector6~9  ; out0             ;
; |ALU|Selector6~11 ; |ALU|Selector6~11 ; out0             ;
; |ALU|Selector7~1  ; |ALU|Selector7~1  ; out0             ;
; |ALU|Selector7~2  ; |ALU|Selector7~2  ; out0             ;
; |ALU|Selector7~5  ; |ALU|Selector7~5  ; out0             ;
; |ALU|Selector7~6  ; |ALU|Selector7~6  ; out0             ;
; |ALU|Selector7~10 ; |ALU|Selector7~10 ; out0             ;
; |ALU|LessThan0~0  ; |ALU|LessThan0~0  ; out0             ;
; |ALU|LessThan0~1  ; |ALU|LessThan0~1  ; out0             ;
; |ALU|LessThan0~2  ; |ALU|LessThan0~2  ; out0             ;
; |ALU|LessThan0~3  ; |ALU|LessThan0~3  ; out0             ;
; |ALU|LessThan0~4  ; |ALU|LessThan0~4  ; out0             ;
; |ALU|LessThan0~5  ; |ALU|LessThan0~5  ; out0             ;
; |ALU|LessThan0~6  ; |ALU|LessThan0~6  ; out0             ;
; |ALU|LessThan0~7  ; |ALU|LessThan0~7  ; out0             ;
; |ALU|LessThan0~8  ; |ALU|LessThan0~8  ; out0             ;
; |ALU|LessThan0~9  ; |ALU|LessThan0~9  ; out0             ;
; |ALU|LessThan0~10 ; |ALU|LessThan0~10 ; out0             ;
; |ALU|LessThan0~11 ; |ALU|LessThan0~11 ; out0             ;
; |ALU|LessThan0~12 ; |ALU|LessThan0~12 ; out0             ;
; |ALU|LessThan0~13 ; |ALU|LessThan0~13 ; out0             ;
; |ALU|LessThan0~14 ; |ALU|LessThan0~14 ; out0             ;
; |ALU|LessThan0~15 ; |ALU|LessThan0~15 ; out0             ;
; |ALU|LessThan0~16 ; |ALU|LessThan0~16 ; out0             ;
; |ALU|LessThan0~17 ; |ALU|LessThan0~17 ; out0             ;
; |ALU|LessThan0~18 ; |ALU|LessThan0~18 ; out0             ;
; |ALU|LessThan0~19 ; |ALU|LessThan0~19 ; out0             ;
; |ALU|LessThan0~20 ; |ALU|LessThan0~20 ; out0             ;
; |ALU|LessThan0~21 ; |ALU|LessThan0~21 ; out0             ;
; |ALU|LessThan0~22 ; |ALU|LessThan0~22 ; out0             ;
; |ALU|LessThan0~23 ; |ALU|LessThan0~23 ; out0             ;
; |ALU|LessThan0~24 ; |ALU|LessThan0~24 ; out0             ;
; |ALU|LessThan0~25 ; |ALU|LessThan0~25 ; out0             ;
; |ALU|LessThan0~26 ; |ALU|LessThan0~26 ; out0             ;
; |ALU|LessThan0~27 ; |ALU|LessThan0~27 ; out0             ;
; |ALU|LessThan0~28 ; |ALU|LessThan0~28 ; out0             ;
; |ALU|LessThan0~29 ; |ALU|LessThan0~29 ; out0             ;
; |ALU|LessThan0~30 ; |ALU|LessThan0~30 ; out0             ;
; |ALU|LessThan1~0  ; |ALU|LessThan1~0  ; out0             ;
; |ALU|LessThan1~1  ; |ALU|LessThan1~1  ; out0             ;
; |ALU|LessThan1~2  ; |ALU|LessThan1~2  ; out0             ;
; |ALU|LessThan1~3  ; |ALU|LessThan1~3  ; out0             ;
; |ALU|LessThan1~4  ; |ALU|LessThan1~4  ; out0             ;
; |ALU|LessThan1~5  ; |ALU|LessThan1~5  ; out0             ;
; |ALU|LessThan1~6  ; |ALU|LessThan1~6  ; out0             ;
; |ALU|LessThan1~7  ; |ALU|LessThan1~7  ; out0             ;
; |ALU|LessThan1~8  ; |ALU|LessThan1~8  ; out0             ;
; |ALU|LessThan1~9  ; |ALU|LessThan1~9  ; out0             ;
; |ALU|LessThan1~10 ; |ALU|LessThan1~10 ; out0             ;
; |ALU|LessThan1~11 ; |ALU|LessThan1~11 ; out0             ;
; |ALU|LessThan1~12 ; |ALU|LessThan1~12 ; out0             ;
; |ALU|LessThan1~13 ; |ALU|LessThan1~13 ; out0             ;
; |ALU|LessThan1~14 ; |ALU|LessThan1~14 ; out0             ;
; |ALU|LessThan2~0  ; |ALU|LessThan2~0  ; out0             ;
; |ALU|LessThan2~1  ; |ALU|LessThan2~1  ; out0             ;
; |ALU|LessThan2~2  ; |ALU|LessThan2~2  ; out0             ;
; |ALU|LessThan2~3  ; |ALU|LessThan2~3  ; out0             ;
; |ALU|LessThan2~4  ; |ALU|LessThan2~4  ; out0             ;
; |ALU|LessThan2~5  ; |ALU|LessThan2~5  ; out0             ;
; |ALU|LessThan2~6  ; |ALU|LessThan2~6  ; out0             ;
; |ALU|LessThan2~7  ; |ALU|LessThan2~7  ; out0             ;
; |ALU|LessThan2~8  ; |ALU|LessThan2~8  ; out0             ;
; |ALU|LessThan2~9  ; |ALU|LessThan2~9  ; out0             ;
; |ALU|LessThan2~10 ; |ALU|LessThan2~10 ; out0             ;
; |ALU|LessThan2~11 ; |ALU|LessThan2~11 ; out0             ;
; |ALU|LessThan2~12 ; |ALU|LessThan2~12 ; out0             ;
; |ALU|LessThan2~13 ; |ALU|LessThan2~13 ; out0             ;
; |ALU|LessThan2~14 ; |ALU|LessThan2~14 ; out0             ;
; |ALU|Add0~0       ; |ALU|Add0~0       ; out0             ;
; |ALU|Add0~1       ; |ALU|Add0~1       ; out0             ;
; |ALU|Add0~2       ; |ALU|Add0~2       ; out0             ;
; |ALU|Add0~3       ; |ALU|Add0~3       ; out0             ;
; |ALU|Add0~4       ; |ALU|Add0~4       ; out0             ;
; |ALU|Add0~5       ; |ALU|Add0~5       ; out0             ;
; |ALU|Add0~6       ; |ALU|Add0~6       ; out0             ;
; |ALU|Add0~7       ; |ALU|Add0~7       ; out0             ;
; |ALU|Add0~8       ; |ALU|Add0~8       ; out0             ;
; |ALU|Add0~9       ; |ALU|Add0~9       ; out0             ;
; |ALU|Add0~10      ; |ALU|Add0~10      ; out0             ;
; |ALU|Add0~11      ; |ALU|Add0~11      ; out0             ;
; |ALU|Add0~12      ; |ALU|Add0~12      ; out0             ;
; |ALU|Add0~13      ; |ALU|Add0~13      ; out0             ;
; |ALU|Add0~14      ; |ALU|Add0~14      ; out0             ;
; |ALU|Add0~15      ; |ALU|Add0~15      ; out0             ;
; |ALU|Add0~16      ; |ALU|Add0~16      ; out0             ;
; |ALU|Add0~17      ; |ALU|Add0~17      ; out0             ;
; |ALU|Add0~18      ; |ALU|Add0~18      ; out0             ;
; |ALU|Add0~19      ; |ALU|Add0~19      ; out0             ;
; |ALU|Add0~20      ; |ALU|Add0~20      ; out0             ;
; |ALU|Add0~21      ; |ALU|Add0~21      ; out0             ;
; |ALU|Add0~22      ; |ALU|Add0~22      ; out0             ;
; |ALU|Add0~23      ; |ALU|Add0~23      ; out0             ;
; |ALU|Add0~24      ; |ALU|Add0~24      ; out0             ;
; |ALU|Add0~25      ; |ALU|Add0~25      ; out0             ;
; |ALU|Add0~26      ; |ALU|Add0~26      ; out0             ;
; |ALU|Add0~27      ; |ALU|Add0~27      ; out0             ;
; |ALU|Add0~28      ; |ALU|Add0~28      ; out0             ;
; |ALU|Add0~29      ; |ALU|Add0~29      ; out0             ;
; |ALU|Add0~30      ; |ALU|Add0~30      ; out0             ;
; |ALU|Add0~31      ; |ALU|Add0~31      ; out0             ;
; |ALU|Add0~32      ; |ALU|Add0~32      ; out0             ;
; |ALU|Add1~0       ; |ALU|Add1~0       ; out0             ;
; |ALU|Add1~1       ; |ALU|Add1~1       ; out0             ;
; |ALU|Add1~2       ; |ALU|Add1~2       ; out0             ;
; |ALU|Add1~3       ; |ALU|Add1~3       ; out0             ;
; |ALU|Add1~4       ; |ALU|Add1~4       ; out0             ;
; |ALU|Add1~5       ; |ALU|Add1~5       ; out0             ;
; |ALU|Add1~6       ; |ALU|Add1~6       ; out0             ;
; |ALU|Add1~7       ; |ALU|Add1~7       ; out0             ;
; |ALU|Add1~8       ; |ALU|Add1~8       ; out0             ;
; |ALU|Add1~9       ; |ALU|Add1~9       ; out0             ;
; |ALU|Add1~10      ; |ALU|Add1~10      ; out0             ;
; |ALU|Add1~11      ; |ALU|Add1~11      ; out0             ;
; |ALU|Add1~12      ; |ALU|Add1~12      ; out0             ;
; |ALU|Add1~13      ; |ALU|Add1~13      ; out0             ;
; |ALU|Add2~0       ; |ALU|Add2~0       ; out0             ;
; |ALU|Add2~1       ; |ALU|Add2~1       ; out0             ;
; |ALU|Add2~2       ; |ALU|Add2~2       ; out0             ;
; |ALU|Add2~3       ; |ALU|Add2~3       ; out0             ;
; |ALU|Add2~4       ; |ALU|Add2~4       ; out0             ;
; |ALU|Add2~5       ; |ALU|Add2~5       ; out0             ;
; |ALU|Add2~6       ; |ALU|Add2~6       ; out0             ;
; |ALU|Add3~0       ; |ALU|Add3~0       ; out0             ;
; |ALU|Add3~1       ; |ALU|Add3~1       ; out0             ;
; |ALU|Add3~2       ; |ALU|Add3~2       ; out0             ;
; |ALU|Add3~3       ; |ALU|Add3~3       ; out0             ;
; |ALU|Add3~4       ; |ALU|Add3~4       ; out0             ;
; |ALU|Add4~0       ; |ALU|Add4~0       ; out0             ;
; |ALU|Add4~1       ; |ALU|Add4~1       ; out0             ;
; |ALU|Add4~2       ; |ALU|Add4~2       ; out0             ;
; |ALU|Add4~3       ; |ALU|Add4~3       ; out0             ;
; |ALU|Add4~4       ; |ALU|Add4~4       ; out0             ;
; |ALU|Add4~5       ; |ALU|Add4~5       ; out0             ;
; |ALU|Add4~6       ; |ALU|Add4~6       ; out0             ;
; |ALU|Add4~7       ; |ALU|Add4~7       ; out0             ;
; |ALU|Add4~8       ; |ALU|Add4~8       ; out0             ;
; |ALU|Add4~9       ; |ALU|Add4~9       ; out0             ;
; |ALU|Add4~10      ; |ALU|Add4~10      ; out0             ;
; |ALU|Add4~11      ; |ALU|Add4~11      ; out0             ;
; |ALU|Add4~12      ; |ALU|Add4~12      ; out0             ;
; |ALU|Add4~13      ; |ALU|Add4~13      ; out0             ;
; |ALU|Add5~0       ; |ALU|Add5~0       ; out0             ;
; |ALU|Add5~1       ; |ALU|Add5~1       ; out0             ;
; |ALU|Add5~2       ; |ALU|Add5~2       ; out0             ;
; |ALU|Add5~3       ; |ALU|Add5~3       ; out0             ;
; |ALU|Add5~4       ; |ALU|Add5~4       ; out0             ;
; |ALU|Add5~5       ; |ALU|Add5~5       ; out0             ;
; |ALU|Add5~6       ; |ALU|Add5~6       ; out0             ;
; |ALU|Add6~0       ; |ALU|Add6~0       ; out0             ;
; |ALU|Add6~1       ; |ALU|Add6~1       ; out0             ;
; |ALU|Add6~2       ; |ALU|Add6~2       ; out0             ;
; |ALU|Add6~3       ; |ALU|Add6~3       ; out0             ;
; |ALU|Add6~4       ; |ALU|Add6~4       ; out0             ;
; |ALU|Add6~5       ; |ALU|Add6~5       ; out0             ;
; |ALU|Add6~6       ; |ALU|Add6~6       ; out0             ;
; |ALU|Add6~7       ; |ALU|Add6~7       ; out0             ;
; |ALU|Add6~8       ; |ALU|Add6~8       ; out0             ;
; |ALU|Add6~9       ; |ALU|Add6~9       ; out0             ;
; |ALU|Add6~10      ; |ALU|Add6~10      ; out0             ;
; |ALU|Add6~11      ; |ALU|Add6~11      ; out0             ;
; |ALU|Add6~12      ; |ALU|Add6~12      ; out0             ;
; |ALU|Add6~13      ; |ALU|Add6~13      ; out0             ;
; |ALU|Add7~0       ; |ALU|Add7~0       ; out0             ;
; |ALU|Add7~1       ; |ALU|Add7~1       ; out0             ;
; |ALU|Add7~2       ; |ALU|Add7~2       ; out0             ;
; |ALU|Add7~3       ; |ALU|Add7~3       ; out0             ;
; |ALU|Add7~4       ; |ALU|Add7~4       ; out0             ;
; |ALU|Add7~5       ; |ALU|Add7~5       ; out0             ;
; |ALU|Add7~6       ; |ALU|Add7~6       ; out0             ;
; |ALU|Add7~7       ; |ALU|Add7~7       ; out0             ;
; |ALU|Add7~8       ; |ALU|Add7~8       ; out0             ;
; |ALU|Add7~9       ; |ALU|Add7~9       ; out0             ;
; |ALU|Add7~10      ; |ALU|Add7~10      ; out0             ;
; |ALU|Add7~11      ; |ALU|Add7~11      ; out0             ;
; |ALU|Add7~12      ; |ALU|Add7~12      ; out0             ;
; |ALU|Add7~13      ; |ALU|Add7~13      ; out0             ;
; |ALU|Add8~0       ; |ALU|Add8~0       ; out0             ;
; |ALU|Add8~1       ; |ALU|Add8~1       ; out0             ;
; |ALU|Add8~2       ; |ALU|Add8~2       ; out0             ;
; |ALU|Add8~3       ; |ALU|Add8~3       ; out0             ;
; |ALU|Add8~4       ; |ALU|Add8~4       ; out0             ;
; |ALU|Add8~5       ; |ALU|Add8~5       ; out0             ;
; |ALU|Add8~6       ; |ALU|Add8~6       ; out0             ;
; |ALU|Add9~0       ; |ALU|Add9~0       ; out0             ;
; |ALU|Add9~1       ; |ALU|Add9~1       ; out0             ;
; |ALU|Add9~2       ; |ALU|Add9~2       ; out0             ;
; |ALU|Add9~3       ; |ALU|Add9~3       ; out0             ;
; |ALU|Add9~4       ; |ALU|Add9~4       ; out0             ;
; |ALU|Add10~0      ; |ALU|Add10~0      ; out0             ;
; |ALU|Add10~1      ; |ALU|Add10~1      ; out0             ;
; |ALU|Add10~2      ; |ALU|Add10~2      ; out0             ;
; |ALU|Add10~3      ; |ALU|Add10~3      ; out0             ;
; |ALU|Add10~4      ; |ALU|Add10~4      ; out0             ;
; |ALU|Add10~5      ; |ALU|Add10~5      ; out0             ;
; |ALU|Add10~6      ; |ALU|Add10~6      ; out0             ;
; |ALU|Add10~7      ; |ALU|Add10~7      ; out0             ;
; |ALU|Add10~8      ; |ALU|Add10~8      ; out0             ;
; |ALU|Add10~9      ; |ALU|Add10~9      ; out0             ;
; |ALU|Add10~10     ; |ALU|Add10~10     ; out0             ;
; |ALU|Add10~11     ; |ALU|Add10~11     ; out0             ;
; |ALU|Add10~12     ; |ALU|Add10~12     ; out0             ;
; |ALU|Add10~13     ; |ALU|Add10~13     ; out0             ;
; |ALU|Add11~0      ; |ALU|Add11~0      ; out0             ;
; |ALU|Add11~1      ; |ALU|Add11~1      ; out0             ;
; |ALU|Add11~2      ; |ALU|Add11~2      ; out0             ;
; |ALU|Add11~3      ; |ALU|Add11~3      ; out0             ;
; |ALU|Add11~4      ; |ALU|Add11~4      ; out0             ;
; |ALU|Add11~5      ; |ALU|Add11~5      ; out0             ;
; |ALU|Add11~6      ; |ALU|Add11~6      ; out0             ;
; |ALU|Add12~0      ; |ALU|Add12~0      ; out0             ;
; |ALU|Add12~1      ; |ALU|Add12~1      ; out0             ;
; |ALU|Add12~2      ; |ALU|Add12~2      ; out0             ;
; |ALU|Add12~3      ; |ALU|Add12~3      ; out0             ;
; |ALU|Add12~4      ; |ALU|Add12~4      ; out0             ;
; |ALU|Add12~5      ; |ALU|Add12~5      ; out0             ;
; |ALU|Add12~6      ; |ALU|Add12~6      ; out0             ;
; |ALU|Add12~7      ; |ALU|Add12~7      ; out0             ;
; |ALU|Add12~8      ; |ALU|Add12~8      ; out0             ;
; |ALU|Add12~9      ; |ALU|Add12~9      ; out0             ;
; |ALU|Add12~10     ; |ALU|Add12~10     ; out0             ;
; |ALU|Add12~11     ; |ALU|Add12~11     ; out0             ;
; |ALU|Add12~12     ; |ALU|Add12~12     ; out0             ;
; |ALU|Add12~13     ; |ALU|Add12~13     ; out0             ;
; |ALU|Equal0~0     ; |ALU|Equal0~0     ; out0             ;
+-------------------+-------------------+------------------+


The following table displays output ports that do not toggle to 0 during simulation.
+----------------------------------------------------------+
; Missing 0-Value Coverage                                 ;
+-------------------+-------------------+------------------+
; Node Name         ; Output Port Name  ; Output Port Type ;
+-------------------+-------------------+------------------+
; |ALU|Reg4~0       ; |ALU|Reg4~0       ; out              ;
; |ALU|Reg4~1       ; |ALU|Reg4~1       ; out              ;
; |ALU|Reg4~2       ; |ALU|Reg4~2       ; out              ;
; |ALU|Reg4~3       ; |ALU|Reg4~3       ; out              ;
; |ALU|Reg4~4       ; |ALU|Reg4~4       ; out              ;
; |ALU|Reg4~5       ; |ALU|Reg4~5       ; out              ;
; |ALU|Reg4~6       ; |ALU|Reg4~6       ; out              ;
; |ALU|Reg4~7       ; |ALU|Reg4~7       ; out              ;
; |ALU|Reg4~8       ; |ALU|Reg4~8       ; out              ;
; |ALU|Reg4~9       ; |ALU|Reg4~9       ; out              ;
; |ALU|Reg4~10      ; |ALU|Reg4~10      ; out              ;
; |ALU|Reg4~11      ; |ALU|Reg4~11      ; out              ;
; |ALU|Reg4~12      ; |ALU|Reg4~12      ; out              ;
; |ALU|Reg4~13      ; |ALU|Reg4~13      ; out              ;
; |ALU|Reg4~14      ; |ALU|Reg4~14      ; out              ;
; |ALU|Reg4~15      ; |ALU|Reg4~15      ; out              ;
; |ALU|Reg4~16      ; |ALU|Reg4~16      ; out              ;
; |ALU|Reg4~17      ; |ALU|Reg4~17      ; out              ;
; |ALU|Reg4~18      ; |ALU|Reg4~18      ; out              ;
; |ALU|Reg4~19      ; |ALU|Reg4~19      ; out              ;
; |ALU|Reg4~20      ; |ALU|Reg4~20      ; out              ;
; |ALU|Reg4~21      ; |ALU|Reg4~21      ; out              ;
; |ALU|Reg4~22      ; |ALU|Reg4~22      ; out              ;
; |ALU|Reg4~23      ; |ALU|Reg4~23      ; out              ;
; |ALU|RESULT~0     ; |ALU|RESULT~0     ; out0             ;
; |ALU|RESULT~1     ; |ALU|RESULT~1     ; out0             ;
; |ALU|RESULT~2     ; |ALU|RESULT~2     ; out0             ;
; |ALU|RESULT~3     ; |ALU|RESULT~3     ; out0             ;
; |ALU|RESULT~4     ; |ALU|RESULT~4     ; out0             ;
; |ALU|RESULT~5     ; |ALU|RESULT~5     ; out0             ;
; |ALU|RESULT~6     ; |ALU|RESULT~6     ; out0             ;
; |ALU|RESULT~7     ; |ALU|RESULT~7     ; out0             ;
; |ALU|RESULT~8     ; |ALU|RESULT~8     ; out0             ;
; |ALU|RESULT~9     ; |ALU|RESULT~9     ; out0             ;
; |ALU|RESULT~10    ; |ALU|RESULT~10    ; out0             ;
; |ALU|RESULT~11    ; |ALU|RESULT~11    ; out0             ;
; |ALU|RESULT~12    ; |ALU|RESULT~12    ; out0             ;
; |ALU|RESULT~13    ; |ALU|RESULT~13    ; out0             ;
; |ALU|RESULT~14    ; |ALU|RESULT~14    ; out0             ;
; |ALU|RESULT~15    ; |ALU|RESULT~15    ; out0             ;
; |ALU|RESULT~16    ; |ALU|RESULT~16    ; out0             ;
; |ALU|RESULT~17    ; |ALU|RESULT~17    ; out0             ;
; |ALU|RESULT~18    ; |ALU|RESULT~18    ; out0             ;
; |ALU|RESULT~19    ; |ALU|RESULT~19    ; out0             ;
; |ALU|RESULT~20    ; |ALU|RESULT~20    ; out0             ;
; |ALU|RESULT~21    ; |ALU|RESULT~21    ; out0             ;
; |ALU|RESULT~22    ; |ALU|RESULT~22    ; out0             ;
; |ALU|RESULT~23    ; |ALU|RESULT~23    ; out0             ;
; |ALU|RESULT~24    ; |ALU|RESULT~24    ; out0             ;
; |ALU|RESULT~25    ; |ALU|RESULT~25    ; out0             ;
; |ALU|RESULT~26    ; |ALU|RESULT~26    ; out0             ;
; |ALU|RESULT~27    ; |ALU|RESULT~27    ; out0             ;
; |ALU|RESULT~28    ; |ALU|RESULT~28    ; out0             ;
; |ALU|RESULT~29    ; |ALU|RESULT~29    ; out0             ;
; |ALU|RESULT~30    ; |ALU|RESULT~30    ; out0             ;
; |ALU|RESULT~31    ; |ALU|RESULT~31    ; out0             ;
; |ALU|RESULT~32    ; |ALU|RESULT~32    ; out0             ;
; |ALU|RESULT~33    ; |ALU|RESULT~33    ; out0             ;
; |ALU|RESULT~34    ; |ALU|RESULT~34    ; out0             ;
; |ALU|RESULT~35    ; |ALU|RESULT~35    ; out0             ;
; |ALU|RESULT~36    ; |ALU|RESULT~36    ; out0             ;
; |ALU|RESULT~37    ; |ALU|RESULT~37    ; out0             ;
; |ALU|RESULT~38    ; |ALU|RESULT~38    ; out0             ;
; |ALU|RESULT~39    ; |ALU|RESULT~39    ; out0             ;
; |ALU|RESULT~40    ; |ALU|RESULT~40    ; out0             ;
; |ALU|RESULT~41    ; |ALU|RESULT~41    ; out0             ;
; |ALU|RESULT~42    ; |ALU|RESULT~42    ; out0             ;
; |ALU|RESULT~43    ; |ALU|RESULT~43    ; out0             ;
; |ALU|RESULT~44    ; |ALU|RESULT~44    ; out0             ;
; |ALU|RESULT~45    ; |ALU|RESULT~45    ; out0             ;
; |ALU|RESULT~46    ; |ALU|RESULT~46    ; out0             ;
; |ALU|RESULT~47    ; |ALU|RESULT~47    ; out0             ;
; |ALU|Neg~reg0     ; |ALU|Neg~reg0     ; regout           ;
; |ALU|A[0]         ; |ALU|A[0]         ; out              ;
; |ALU|A[1]         ; |ALU|A[1]         ; out              ;
; |ALU|A[2]         ; |ALU|A[2]         ; out              ;
; |ALU|A[3]         ; |ALU|A[3]         ; out              ;
; |ALU|A[4]         ; |ALU|A[4]         ; out              ;
; |ALU|A[5]         ; |ALU|A[5]         ; out              ;
; |ALU|A[6]         ; |ALU|A[6]         ; out              ;
; |ALU|A[7]         ; |ALU|A[7]         ; out              ;
; |ALU|B[0]         ; |ALU|B[0]         ; out              ;
; |ALU|B[1]         ; |ALU|B[1]         ; out              ;
; |ALU|B[2]         ; |ALU|B[2]         ; out              ;
; |ALU|B[3]         ; |ALU|B[3]         ; out              ;
; |ALU|B[4]         ; |ALU|B[4]         ; out              ;
; |ALU|B[5]         ; |ALU|B[5]         ; out              ;
; |ALU|B[6]         ; |ALU|B[6]         ; out              ;
; |ALU|B[7]         ; |ALU|B[7]         ; out              ;
; |ALU|OP[9]        ; |ALU|OP[9]        ; out              ;
; |ALU|OP[10]       ; |ALU|OP[10]       ; out              ;
; |ALU|OP[11]       ; |ALU|OP[11]       ; out              ;
; |ALU|OP[12]       ; |ALU|OP[12]       ; out              ;
; |ALU|OP[13]       ; |ALU|OP[13]       ; out              ;
; |ALU|OP[14]       ; |ALU|OP[14]       ; out              ;
; |ALU|OP[15]       ; |ALU|OP[15]       ; out              ;
; |ALU|Neg          ; |ALU|Neg          ; pin_out          ;
; |ALU|Selector0~2  ; |ALU|Selector0~2  ; out0             ;
; |ALU|Selector0~4  ; |ALU|Selector0~4  ; out0             ;
; |ALU|Selector0~5  ; |ALU|Selector0~5  ; out0             ;
; |ALU|Selector0~6  ; |ALU|Selector0~6  ; out0             ;
; |ALU|Selector0~10 ; |ALU|Selector0~10 ; out0             ;
; |ALU|Selector1~2  ; |ALU|Selector1~2  ; out0             ;
; |ALU|Selector1~4  ; |ALU|Selector1~4  ; out0             ;
; |ALU|Selector1~7  ; |ALU|Selector1~7  ; out0             ;
; |ALU|Selector1~8  ; |ALU|Selector1~8  ; out0             ;
; |ALU|Selector1~9  ; |ALU|Selector1~9  ; out0             ;
; |ALU|Selector1~10 ; |ALU|Selector1~10 ; out0             ;
; |ALU|Selector1~11 ; |ALU|Selector1~11 ; out0             ;
; |ALU|Selector2~2  ; |ALU|Selector2~2  ; out0             ;
; |ALU|Selector2~4  ; |ALU|Selector2~4  ; out0             ;
; |ALU|Selector2~5  ; |ALU|Selector2~5  ; out0             ;
; |ALU|Selector2~6  ; |ALU|Selector2~6  ; out0             ;
; |ALU|Selector2~10 ; |ALU|Selector2~10 ; out0             ;
; |ALU|Selector2~11 ; |ALU|Selector2~11 ; out0             ;
; |ALU|Selector3~2  ; |ALU|Selector3~2  ; out0             ;
; |ALU|Selector3~3  ; |ALU|Selector3~3  ; out0             ;
; |ALU|Selector3~6  ; |ALU|Selector3~6  ; out0             ;
; |ALU|Selector3~7  ; |ALU|Selector3~7  ; out0             ;
; |ALU|Selector3~10 ; |ALU|Selector3~10 ; out0             ;
; |ALU|Selector4~2  ; |ALU|Selector4~2  ; out0             ;
; |ALU|Selector4~4  ; |ALU|Selector4~4  ; out0             ;
; |ALU|Selector4~5  ; |ALU|Selector4~5  ; out0             ;
; |ALU|Selector4~6  ; |ALU|Selector4~6  ; out0             ;
; |ALU|Selector4~11 ; |ALU|Selector4~11 ; out0             ;
; |ALU|Selector5~2  ; |ALU|Selector5~2  ; out0             ;
; |ALU|Selector5~4  ; |ALU|Selector5~4  ; out0             ;
; |ALU|Selector5~5  ; |ALU|Selector5~5  ; out0             ;
; |ALU|Selector5~6  ; |ALU|Selector5~6  ; out0             ;
; |ALU|Selector5~11 ; |ALU|Selector5~11 ; out0             ;
; |ALU|Selector6~2  ; |ALU|Selector6~2  ; out0             ;
; |ALU|Selector6~3  ; |ALU|Selector6~3  ; out0             ;
; |ALU|Selector6~6  ; |ALU|Selector6~6  ; out0             ;
; |ALU|Selector6~7  ; |ALU|Selector6~7  ; out0             ;
; |ALU|Selector6~9  ; |ALU|Selector6~9  ; out0             ;
; |ALU|Selector7~1  ; |ALU|Selector7~1  ; out0             ;
; |ALU|Selector7~2  ; |ALU|Selector7~2  ; out0             ;
; |ALU|Selector7~5  ; |ALU|Selector7~5  ; out0             ;
; |ALU|Selector7~6  ; |ALU|Selector7~6  ; out0             ;
; |ALU|LessThan0~0  ; |ALU|LessThan0~0  ; out0             ;
; |ALU|LessThan0~1  ; |ALU|LessThan0~1  ; out0             ;
; |ALU|LessThan0~2  ; |ALU|LessThan0~2  ; out0             ;
; |ALU|LessThan0~3  ; |ALU|LessThan0~3  ; out0             ;
; |ALU|LessThan0~4  ; |ALU|LessThan0~4  ; out0             ;
; |ALU|LessThan0~5  ; |ALU|LessThan0~5  ; out0             ;
; |ALU|LessThan0~6  ; |ALU|LessThan0~6  ; out0             ;
; |ALU|LessThan0~7  ; |ALU|LessThan0~7  ; out0             ;
; |ALU|LessThan0~8  ; |ALU|LessThan0~8  ; out0             ;
; |ALU|LessThan0~9  ; |ALU|LessThan0~9  ; out0             ;
; |ALU|LessThan0~10 ; |ALU|LessThan0~10 ; out0             ;
; |ALU|LessThan0~11 ; |ALU|LessThan0~11 ; out0             ;
; |ALU|LessThan0~12 ; |ALU|LessThan0~12 ; out0             ;
; |ALU|LessThan0~13 ; |ALU|LessThan0~13 ; out0             ;
; |ALU|LessThan0~14 ; |ALU|LessThan0~14 ; out0             ;
; |ALU|LessThan0~15 ; |ALU|LessThan0~15 ; out0             ;
; |ALU|LessThan0~16 ; |ALU|LessThan0~16 ; out0             ;
; |ALU|LessThan0~17 ; |ALU|LessThan0~17 ; out0             ;
; |ALU|LessThan0~18 ; |ALU|LessThan0~18 ; out0             ;
; |ALU|LessThan0~19 ; |ALU|LessThan0~19 ; out0             ;
; |ALU|LessThan0~20 ; |ALU|LessThan0~20 ; out0             ;
; |ALU|LessThan0~21 ; |ALU|LessThan0~21 ; out0             ;
; |ALU|LessThan0~22 ; |ALU|LessThan0~22 ; out0             ;
; |ALU|LessThan0~23 ; |ALU|LessThan0~23 ; out0             ;
; |ALU|LessThan0~24 ; |ALU|LessThan0~24 ; out0             ;
; |ALU|LessThan0~25 ; |ALU|LessThan0~25 ; out0             ;
; |ALU|LessThan0~26 ; |ALU|LessThan0~26 ; out0             ;
; |ALU|LessThan0~27 ; |ALU|LessThan0~27 ; out0             ;
; |ALU|LessThan0~28 ; |ALU|LessThan0~28 ; out0             ;
; |ALU|LessThan0~29 ; |ALU|LessThan0~29 ; out0             ;
; |ALU|LessThan0~30 ; |ALU|LessThan0~30 ; out0             ;
; |ALU|LessThan1~0  ; |ALU|LessThan1~0  ; out0             ;
; |ALU|LessThan1~1  ; |ALU|LessThan1~1  ; out0             ;
; |ALU|LessThan1~2  ; |ALU|LessThan1~2  ; out0             ;
; |ALU|LessThan1~3  ; |ALU|LessThan1~3  ; out0             ;
; |ALU|LessThan1~4  ; |ALU|LessThan1~4  ; out0             ;
; |ALU|LessThan1~5  ; |ALU|LessThan1~5  ; out0             ;
; |ALU|LessThan1~6  ; |ALU|LessThan1~6  ; out0             ;
; |ALU|LessThan1~7  ; |ALU|LessThan1~7  ; out0             ;
; |ALU|LessThan1~8  ; |ALU|LessThan1~8  ; out0             ;
; |ALU|LessThan1~9  ; |ALU|LessThan1~9  ; out0             ;
; |ALU|LessThan1~10 ; |ALU|LessThan1~10 ; out0             ;
; |ALU|LessThan1~11 ; |ALU|LessThan1~11 ; out0             ;
; |ALU|LessThan1~12 ; |ALU|LessThan1~12 ; out0             ;
; |ALU|LessThan1~13 ; |ALU|LessThan1~13 ; out0             ;
; |ALU|LessThan1~14 ; |ALU|LessThan1~14 ; out0             ;
; |ALU|LessThan2~0  ; |ALU|LessThan2~0  ; out0             ;
; |ALU|LessThan2~1  ; |ALU|LessThan2~1  ; out0             ;
; |ALU|LessThan2~2  ; |ALU|LessThan2~2  ; out0             ;
; |ALU|LessThan2~3  ; |ALU|LessThan2~3  ; out0             ;
; |ALU|LessThan2~4  ; |ALU|LessThan2~4  ; out0             ;
; |ALU|LessThan2~5  ; |ALU|LessThan2~5  ; out0             ;
; |ALU|LessThan2~6  ; |ALU|LessThan2~6  ; out0             ;
; |ALU|LessThan2~7  ; |ALU|LessThan2~7  ; out0             ;
; |ALU|LessThan2~8  ; |ALU|LessThan2~8  ; out0             ;
; |ALU|LessThan2~9  ; |ALU|LessThan2~9  ; out0             ;
; |ALU|LessThan2~10 ; |ALU|LessThan2~10 ; out0             ;
; |ALU|LessThan2~11 ; |ALU|LessThan2~11 ; out0             ;
; |ALU|LessThan2~12 ; |ALU|LessThan2~12 ; out0             ;
; |ALU|LessThan2~13 ; |ALU|LessThan2~13 ; out0             ;
; |ALU|LessThan2~14 ; |ALU|LessThan2~14 ; out0             ;
; |ALU|Add0~0       ; |ALU|Add0~0       ; out0             ;
; |ALU|Add0~1       ; |ALU|Add0~1       ; out0             ;
; |ALU|Add0~2       ; |ALU|Add0~2       ; out0             ;
; |ALU|Add0~3       ; |ALU|Add0~3       ; out0             ;
; |ALU|Add0~4       ; |ALU|Add0~4       ; out0             ;
; |ALU|Add0~5       ; |ALU|Add0~5       ; out0             ;
; |ALU|Add0~6       ; |ALU|Add0~6       ; out0             ;
; |ALU|Add0~7       ; |ALU|Add0~7       ; out0             ;
; |ALU|Add0~8       ; |ALU|Add0~8       ; out0             ;
; |ALU|Add0~9       ; |ALU|Add0~9       ; out0             ;
; |ALU|Add0~10      ; |ALU|Add0~10      ; out0             ;
; |ALU|Add0~11      ; |ALU|Add0~11      ; out0             ;
; |ALU|Add0~12      ; |ALU|Add0~12      ; out0             ;
; |ALU|Add0~13      ; |ALU|Add0~13      ; out0             ;
; |ALU|Add0~14      ; |ALU|Add0~14      ; out0             ;
; |ALU|Add0~15      ; |ALU|Add0~15      ; out0             ;
; |ALU|Add0~16      ; |ALU|Add0~16      ; out0             ;
; |ALU|Add0~17      ; |ALU|Add0~17      ; out0             ;
; |ALU|Add0~18      ; |ALU|Add0~18      ; out0             ;
; |ALU|Add0~19      ; |ALU|Add0~19      ; out0             ;
; |ALU|Add0~20      ; |ALU|Add0~20      ; out0             ;
; |ALU|Add0~21      ; |ALU|Add0~21      ; out0             ;
; |ALU|Add0~22      ; |ALU|Add0~22      ; out0             ;
; |ALU|Add0~23      ; |ALU|Add0~23      ; out0             ;
; |ALU|Add0~24      ; |ALU|Add0~24      ; out0             ;
; |ALU|Add0~25      ; |ALU|Add0~25      ; out0             ;
; |ALU|Add0~26      ; |ALU|Add0~26      ; out0             ;
; |ALU|Add0~27      ; |ALU|Add0~27      ; out0             ;
; |ALU|Add0~28      ; |ALU|Add0~28      ; out0             ;
; |ALU|Add0~29      ; |ALU|Add0~29      ; out0             ;
; |ALU|Add0~30      ; |ALU|Add0~30      ; out0             ;
; |ALU|Add0~31      ; |ALU|Add0~31      ; out0             ;
; |ALU|Add0~32      ; |ALU|Add0~32      ; out0             ;
; |ALU|Add1~0       ; |ALU|Add1~0       ; out0             ;
; |ALU|Add1~1       ; |ALU|Add1~1       ; out0             ;
; |ALU|Add1~2       ; |ALU|Add1~2       ; out0             ;
; |ALU|Add1~3       ; |ALU|Add1~3       ; out0             ;
; |ALU|Add1~4       ; |ALU|Add1~4       ; out0             ;
; |ALU|Add1~5       ; |ALU|Add1~5       ; out0             ;
; |ALU|Add1~6       ; |ALU|Add1~6       ; out0             ;
; |ALU|Add1~7       ; |ALU|Add1~7       ; out0             ;
; |ALU|Add1~8       ; |ALU|Add1~8       ; out0             ;
; |ALU|Add1~9       ; |ALU|Add1~9       ; out0             ;
; |ALU|Add1~10      ; |ALU|Add1~10      ; out0             ;
; |ALU|Add1~11      ; |ALU|Add1~11      ; out0             ;
; |ALU|Add1~12      ; |ALU|Add1~12      ; out0             ;
; |ALU|Add1~13      ; |ALU|Add1~13      ; out0             ;
; |ALU|Add2~0       ; |ALU|Add2~0       ; out0             ;
; |ALU|Add2~1       ; |ALU|Add2~1       ; out0             ;
; |ALU|Add2~2       ; |ALU|Add2~2       ; out0             ;
; |ALU|Add2~3       ; |ALU|Add2~3       ; out0             ;
; |ALU|Add2~4       ; |ALU|Add2~4       ; out0             ;
; |ALU|Add2~5       ; |ALU|Add2~5       ; out0             ;
; |ALU|Add2~6       ; |ALU|Add2~6       ; out0             ;
; |ALU|Add3~0       ; |ALU|Add3~0       ; out0             ;
; |ALU|Add3~1       ; |ALU|Add3~1       ; out0             ;
; |ALU|Add3~2       ; |ALU|Add3~2       ; out0             ;
; |ALU|Add3~3       ; |ALU|Add3~3       ; out0             ;
; |ALU|Add3~4       ; |ALU|Add3~4       ; out0             ;
; |ALU|Add4~0       ; |ALU|Add4~0       ; out0             ;
; |ALU|Add4~1       ; |ALU|Add4~1       ; out0             ;
; |ALU|Add4~2       ; |ALU|Add4~2       ; out0             ;
; |ALU|Add4~3       ; |ALU|Add4~3       ; out0             ;
; |ALU|Add4~4       ; |ALU|Add4~4       ; out0             ;
; |ALU|Add4~5       ; |ALU|Add4~5       ; out0             ;
; |ALU|Add4~6       ; |ALU|Add4~6       ; out0             ;
; |ALU|Add4~7       ; |ALU|Add4~7       ; out0             ;
; |ALU|Add4~8       ; |ALU|Add4~8       ; out0             ;
; |ALU|Add4~9       ; |ALU|Add4~9       ; out0             ;
; |ALU|Add4~10      ; |ALU|Add4~10      ; out0             ;
; |ALU|Add4~11      ; |ALU|Add4~11      ; out0             ;
; |ALU|Add4~12      ; |ALU|Add4~12      ; out0             ;
; |ALU|Add4~13      ; |ALU|Add4~13      ; out0             ;
; |ALU|Add5~0       ; |ALU|Add5~0       ; out0             ;
; |ALU|Add5~1       ; |ALU|Add5~1       ; out0             ;
; |ALU|Add5~2       ; |ALU|Add5~2       ; out0             ;
; |ALU|Add5~3       ; |ALU|Add5~3       ; out0             ;
; |ALU|Add5~4       ; |ALU|Add5~4       ; out0             ;
; |ALU|Add5~5       ; |ALU|Add5~5       ; out0             ;
; |ALU|Add5~6       ; |ALU|Add5~6       ; out0             ;
; |ALU|Add6~0       ; |ALU|Add6~0       ; out0             ;
; |ALU|Add6~1       ; |ALU|Add6~1       ; out0             ;
; |ALU|Add6~2       ; |ALU|Add6~2       ; out0             ;
; |ALU|Add6~3       ; |ALU|Add6~3       ; out0             ;
; |ALU|Add6~4       ; |ALU|Add6~4       ; out0             ;
; |ALU|Add6~5       ; |ALU|Add6~5       ; out0             ;
; |ALU|Add6~6       ; |ALU|Add6~6       ; out0             ;
; |ALU|Add6~7       ; |ALU|Add6~7       ; out0             ;
; |ALU|Add6~8       ; |ALU|Add6~8       ; out0             ;
; |ALU|Add6~9       ; |ALU|Add6~9       ; out0             ;
; |ALU|Add6~10      ; |ALU|Add6~10      ; out0             ;
; |ALU|Add6~11      ; |ALU|Add6~11      ; out0             ;
; |ALU|Add6~12      ; |ALU|Add6~12      ; out0             ;
; |ALU|Add6~13      ; |ALU|Add6~13      ; out0             ;
; |ALU|Add7~0       ; |ALU|Add7~0       ; out0             ;
; |ALU|Add7~1       ; |ALU|Add7~1       ; out0             ;
; |ALU|Add7~2       ; |ALU|Add7~2       ; out0             ;
; |ALU|Add7~3       ; |ALU|Add7~3       ; out0             ;
; |ALU|Add7~4       ; |ALU|Add7~4       ; out0             ;
; |ALU|Add7~5       ; |ALU|Add7~5       ; out0             ;
; |ALU|Add7~6       ; |ALU|Add7~6       ; out0             ;
; |ALU|Add7~7       ; |ALU|Add7~7       ; out0             ;
; |ALU|Add7~8       ; |ALU|Add7~8       ; out0             ;
; |ALU|Add7~9       ; |ALU|Add7~9       ; out0             ;
; |ALU|Add7~10      ; |ALU|Add7~10      ; out0             ;
; |ALU|Add7~11      ; |ALU|Add7~11      ; out0             ;
; |ALU|Add7~12      ; |ALU|Add7~12      ; out0             ;
; |ALU|Add7~13      ; |ALU|Add7~13      ; out0             ;
; |ALU|Add8~0       ; |ALU|Add8~0       ; out0             ;
; |ALU|Add8~1       ; |ALU|Add8~1       ; out0             ;
; |ALU|Add8~2       ; |ALU|Add8~2       ; out0             ;
; |ALU|Add8~3       ; |ALU|Add8~3       ; out0             ;
; |ALU|Add8~4       ; |ALU|Add8~4       ; out0             ;
; |ALU|Add8~5       ; |ALU|Add8~5       ; out0             ;
; |ALU|Add8~6       ; |ALU|Add8~6       ; out0             ;
; |ALU|Add9~0       ; |ALU|Add9~0       ; out0             ;
; |ALU|Add9~1       ; |ALU|Add9~1       ; out0             ;
; |ALU|Add9~2       ; |ALU|Add9~2       ; out0             ;
; |ALU|Add9~3       ; |ALU|Add9~3       ; out0             ;
; |ALU|Add9~4       ; |ALU|Add9~4       ; out0             ;
; |ALU|Add10~0      ; |ALU|Add10~0      ; out0             ;
; |ALU|Add10~1      ; |ALU|Add10~1      ; out0             ;
; |ALU|Add10~2      ; |ALU|Add10~2      ; out0             ;
; |ALU|Add10~3      ; |ALU|Add10~3      ; out0             ;
; |ALU|Add10~4      ; |ALU|Add10~4      ; out0             ;
; |ALU|Add10~5      ; |ALU|Add10~5      ; out0             ;
; |ALU|Add10~6      ; |ALU|Add10~6      ; out0             ;
; |ALU|Add10~7      ; |ALU|Add10~7      ; out0             ;
; |ALU|Add10~8      ; |ALU|Add10~8      ; out0             ;
; |ALU|Add10~9      ; |ALU|Add10~9      ; out0             ;
; |ALU|Add10~10     ; |ALU|Add10~10     ; out0             ;
; |ALU|Add10~11     ; |ALU|Add10~11     ; out0             ;
; |ALU|Add10~12     ; |ALU|Add10~12     ; out0             ;
; |ALU|Add10~13     ; |ALU|Add10~13     ; out0             ;
; |ALU|Add11~0      ; |ALU|Add11~0      ; out0             ;
; |ALU|Add11~1      ; |ALU|Add11~1      ; out0             ;
; |ALU|Add11~2      ; |ALU|Add11~2      ; out0             ;
; |ALU|Add11~3      ; |ALU|Add11~3      ; out0             ;
; |ALU|Add11~4      ; |ALU|Add11~4      ; out0             ;
; |ALU|Add11~5      ; |ALU|Add11~5      ; out0             ;
; |ALU|Add11~6      ; |ALU|Add11~6      ; out0             ;
; |ALU|Add12~0      ; |ALU|Add12~0      ; out0             ;
; |ALU|Add12~1      ; |ALU|Add12~1      ; out0             ;
; |ALU|Add12~2      ; |ALU|Add12~2      ; out0             ;
; |ALU|Add12~3      ; |ALU|Add12~3      ; out0             ;
; |ALU|Add12~4      ; |ALU|Add12~4      ; out0             ;
; |ALU|Add12~5      ; |ALU|Add12~5      ; out0             ;
; |ALU|Add12~6      ; |ALU|Add12~6      ; out0             ;
; |ALU|Add12~7      ; |ALU|Add12~7      ; out0             ;
; |ALU|Add12~8      ; |ALU|Add12~8      ; out0             ;
; |ALU|Add12~9      ; |ALU|Add12~9      ; out0             ;
; |ALU|Add12~10     ; |ALU|Add12~10     ; out0             ;
; |ALU|Add12~11     ; |ALU|Add12~11     ; out0             ;
; |ALU|Add12~12     ; |ALU|Add12~12     ; out0             ;
; |ALU|Add12~13     ; |ALU|Add12~13     ; out0             ;
+-------------------+-------------------+------------------+


+---------------------+
; Simulator INI Usage ;
+--------+------------+
; Option ; Usage      ;
+--------+------------+


+--------------------+
; Simulator Messages ;
+--------------------+
Info: *******************************************************************
Info: Running Quartus II 64-Bit Simulator
    Info: Version 13.0.1 Build 232 06/12/2013 Service Pack 1 SJ Web Edition
    Info: Processing started: Tue Nov 25 06:52:35 2025
Info: Command: quartus_sim --simulation_results_format=VWF ALU -c ALU
Info (324025): Using vector source file "C:/Users/adf/Desktop/COE_328_Quartus/lab6/part4_alucore/aluwaveform.vwf"
Info (310003): Option to preserve fewer signal transitions to reduce memory requirements is enabled
    Info (310004): Simulation has been partitioned into sub-simulations according to the maximum transition count determined by the engine. Transitions from memory will be flushed out to disk at the end of each sub-simulation to reduce memory requirements.
Info (310002): Simulation partitioned into 1 sub-simulations
Info (328053): Simulation coverage is      17.16 %
Info (328052): Number of transitions in simulation is 293
Info (324045): Vector file ALU.sim.vwf is saved in VWF text format. You can compress it into CVWF format in order to reduce file size. For more details please refer to the Quartus II Help.
Info: Quartus II 64-Bit Simulator was successful. 0 errors, 0 warnings
    Info: Peak virtual memory: 4445 megabytes
    Info: Processing ended: Tue Nov 25 06:52:35 2025
    Info: Elapsed time: 00:00:00
    Info: Total CPU time (on all processors): 00:00:00


